<?xml version="1.0" encoding="UTF-8"?>
<!-- Generated by org.testng.reporters.JUnitXMLReporter -->
<testsuite ignored="0" hostname="LAPTOP-EA9TV5CO" failures="0" tests="4" name="Login To Application" time="11.292" errors="0" timestamp="2024-01-20T00:47:36 IST">
  <testcase classname="loginTestCases.Login" name="loginWithCorrect" time="3.089"/>
  <testcase classname="loginTestCases.Login" name="loginWithCorrect" time="1.337"/>
  <testcase classname="loginTestCases.Login" name="loginWithCorrect" time="2.153"/>
  <testcase classname="loginTestCases.Login" name="loginWithCorrect" time="4.525"/>
</testsuite> <!-- Login To Application -->
