<?xml version="1.0" encoding="UTF-8"?>
<!-- Generated by org.testng.reporters.JUnitXMLReporter -->
<testsuite ignored="0" hostname="LAPTOP-EA9TV5CO" failures="0" tests="4" name="Default test" time="7.98" errors="0" timestamp="2024-01-19T22:58:18 IST">
  <testcase classname="loginTestCases.Login" name="loginWithCorrect" time="1.622"/>
  <testcase classname="loginTestCases.Login" name="loginWithCorrect" time="1.009"/>
  <testcase classname="loginTestCases.Login" name="loginWithCorrect" time="0.986"/>
  <testcase classname="loginTestCases.Login" name="loginWithCorrect" time="4.244"/>
</testsuite> <!-- Default test -->
