<?xml version="1.0" encoding="UTF-8"?>
<testng-results ignored="0" total="4" passed="4" failed="0" skipped="0">
  <reporter-output>
  </reporter-output>
  <suite started-at="2024-01-20T00:47:25 IST" name="Login suite" finished-at="2024-01-20T00:47:36 IST" duration-ms="11292">
    <groups>
    </groups>
    <test started-at="2024-01-20T00:47:25 IST" name="Login To Application" finished-at="2024-01-20T00:47:36 IST" duration-ms="11292">
      <class name="loginTestCases.Login">
        <test-method is-config="true" signature="beforeTest()[pri:0, instance:loginTestCases.Login@58cbafc2]" started-at="2024-01-20T00:47:21 IST" name="beforeTest" finished-at="2024-01-20T00:47:25 IST" duration-ms="3725" status="PASS">
          <reporter-output>
          </reporter-output>
        </test-method> <!-- beforeTest -->
        <test-method signature="loginWithCorrect(java.lang.String,java.lang.String)[pri:0, instance:loginTestCases.Login@58cbafc2]" started-at="2024-01-20T00:47:25 IST" name="loginWithCorrect" data-provider="loginData" finished-at="2024-01-20T00:47:28 IST" duration-ms="3089" status="PASS">
          <params>
            <param index="0">
              <value>
                <![CDATA[admin]]>
              </value>
            </param>
            <param index="1">
              <value>
                <![CDATA[admin1]]>
              </value>
            </param>
          </params>
          <reporter-output>
          </reporter-output>
        </test-method> <!-- loginWithCorrect -->
        <test-method signature="loginWithCorrect(java.lang.String,java.lang.String)[pri:0, instance:loginTestCases.Login@58cbafc2]" started-at="2024-01-20T00:47:28 IST" name="loginWithCorrect" data-provider="loginData" finished-at="2024-01-20T00:47:30 IST" duration-ms="1337" status="PASS">
          <params>
            <param index="0">
              <value>
                <![CDATA[admin1]]>
              </value>
            </param>
            <param index="1">
              <value>
                <![CDATA[admin]]>
              </value>
            </param>
          </params>
          <reporter-output>
          </reporter-output>
        </test-method> <!-- loginWithCorrect -->
        <test-method signature="loginWithCorrect(java.lang.String,java.lang.String)[pri:0, instance:loginTestCases.Login@58cbafc2]" started-at="2024-01-20T00:47:30 IST" name="loginWithCorrect" data-provider="loginData" finished-at="2024-01-20T00:47:32 IST" duration-ms="2153" status="PASS">
          <params>
            <param index="0">
              <value>
                <![CDATA[admin1]]>
              </value>
            </param>
            <param index="1">
              <value>
                <![CDATA[admin1]]>
              </value>
            </param>
          </params>
          <reporter-output>
          </reporter-output>
        </test-method> <!-- loginWithCorrect -->
        <test-method signature="loginWithCorrect(java.lang.String,java.lang.String)[pri:0, instance:loginTestCases.Login@58cbafc2]" started-at="2024-01-20T00:47:32 IST" name="loginWithCorrect" data-provider="loginData" finished-at="2024-01-20T00:47:36 IST" duration-ms="4525" status="PASS">
          <params>
            <param index="0">
              <value>
                <![CDATA[admin]]>
              </value>
            </param>
            <param index="1">
              <value>
                <![CDATA[admin]]>
              </value>
            </param>
          </params>
          <reporter-output>
          </reporter-output>
        </test-method> <!-- loginWithCorrect -->
        <test-method is-config="true" signature="afterTest()[pri:0, instance:loginTestCases.Login@58cbafc2]" started-at="2024-01-20T00:47:36 IST" name="afterTest" finished-at="2024-01-20T00:47:37 IST" duration-ms="231" status="PASS">
          <reporter-output>
          </reporter-output>
        </test-method> <!-- afterTest -->
      </class> <!-- loginTestCases.Login -->
    </test> <!-- Login To Application -->
  </suite> <!-- Login suite -->
</testng-results>
